<?xml version="1.0" encoding="UTF-8"?>
<!-- Generated by org.testng.reporters.JUnitReportReporter -->
<testsuite hostname="DESKTOP-N2HSR8L" failures="0" tests="3" name="ManishTestPractice.tests.SubmitOrderTest" time="175.742" errors="0" timestamp="2022-09-13T21:06:19 IST" skipped="0">
  <testcase classname="ManishTestPractice.tests.SubmitOrderTest" name="submitOrder" time="94.925"/>
  <system-out/>
  <testcase classname="ManishTestPractice.tests.SubmitOrderTest" name="OrderHistoryTest" time="36.626"/>
  <system-out/>
  <testcase classname="ManishTestPractice.tests.SubmitOrderTest" name="submitOrder" time="44.191"/>
  <system-out/>
</testsuite> <!-- ManishTestPractice.tests.SubmitOrderTest -->
