<?xml version="1.0" encoding="UTF-8"?>
<!-- Generated by org.testng.reporters.JUnitReportReporter -->
<testsuite hostname="DESKTOP-MSPV69A" failures="0" tests="2" name="APITestingDemo.APITestingDemo.LibraryApi" time="2.834" errors="0" timestamp="2022-11-03T19:41:27 IST" skipped="0">
  <testcase classname="APITestingDemo.APITestingDemo.LibraryApi" name="addBook" time="0.170"/>
  <system-out/>
  <testcase classname="APITestingDemo.APITestingDemo.LibraryApi" name="addBook" time="2.664"/>
  <system-out/>
</testsuite> <!-- APITestingDemo.APITestingDemo.LibraryApi -->
