<?xml version="1.0" encoding="UTF-8"?>
<!-- Generated by org.testng.reporters.JUnitReportReporter -->
<testsuite hostname="DESKTOP-N2HSR8L" failures="0" tests="11" name="ManishTestPractice2.TDDProj.DataProviderAndExcelIntegration" time="0.034" errors="0" timestamp="2022-09-15T21:14:09 IST" skipped="0">
  <testcase classname="ManishTestPractice2.TDDProj.DataProviderAndExcelIntegration" name="testCaseData" time="0.002"/>
  <system-out/>
  <testcase classname="ManishTestPractice2.TDDProj.DataProviderAndExcelIntegration" name="testCaseData" time="0.002"/>
  <system-out/>
  <testcase classname="ManishTestPractice2.TDDProj.DataProviderAndExcelIntegration" name="testCaseData" time="0.002"/>
  <system-out/>
  <testcase classname="ManishTestPractice2.TDDProj.DataProviderAndExcelIntegration" name="testCaseData" time="0.002"/>
  <system-out/>
  <testcase classname="ManishTestPractice2.TDDProj.DataProviderAndExcelIntegration" name="testCaseData" time="0.002"/>
  <system-out/>
  <testcase classname="ManishTestPractice2.TDDProj.DataProviderAndExcelIntegration" name="testCaseData" time="0.001"/>
  <system-out/>
  <testcase classname="ManishTestPractice2.TDDProj.DataProviderAndExcelIntegration" name="testCaseData" time="0.005"/>
  <system-out/>
  <testcase classname="ManishTestPractice2.TDDProj.DataProviderAndExcelIntegration" name="testCaseData" time="0.003"/>
  <system-out/>
  <testcase classname="ManishTestPractice2.TDDProj.DataProviderAndExcelIntegration" name="testCaseData" time="0.008"/>
  <system-out/>
  <testcase classname="ManishTestPractice2.TDDProj.DataProviderAndExcelIntegration" name="testCaseData" time="0.005"/>
  <system-out/>
  <testcase classname="ManishTestPractice2.TDDProj.DataProviderAndExcelIntegration" name="testCaseData" time="0.002"/>
  <system-out/>
</testsuite> <!-- ManishTestPractice2.TDDProj.DataProviderAndExcelIntegration -->
