<?xml version="1.0" encoding="UTF-8"?>
<!-- Generated by org.testng.reporters.JUnitReportReporter -->
<testsuite hostname="DESKTOP-MSPV69A" failures="0" tests="3" name="CountNameWithA" time="0.035" errors="0" timestamp="2022-11-01T09:45:50 IST" skipped="0">
  <testcase classname="CountNameWithA" name="streamMatch" time="0.003"/>
  <system-out/>
  <testcase classname="CountNameWithA" name="streamCollect" time="0.027"/>
  <system-out/>
  <testcase classname="CountNameWithA" name="uniqueNumber" time="0.005"/>
  <system-out/>
</testsuite> <!-- CountNameWithA -->
