<?xml version="1.0" encoding="UTF-8"?>
<!-- Generated by org.testng.reporters.JUnitReportReporter -->
<testsuite hostname="DESKTOP-AIM9JGQ" failures="0" tests="3" name="CountNameWithA" time="0.024" errors="0" timestamp="2022-10-14T22:00:45 IST" skipped="0">
  <testcase classname="CountNameWithA" name="streamMatch" time="0.003"/>
  <system-out/>
  <testcase classname="CountNameWithA" name="uniqueNumber" time="0.004"/>
  <system-out/>
  <testcase classname="CountNameWithA" name="streamCollect" time="0.017"/>
  <system-out/>
</testsuite> <!-- CountNameWithA -->
