<?xml version="1.0" encoding="UTF-8"?>
<!-- Generated by org.testng.reporters.JUnitReportReporter -->
<testsuite hostname="DESKTOP-N2HSR8L" failures="0" tests="2" name="test.TESTNG" time="0.026" errors="0" timestamp="2022-09-08T23:45:06 IST" skipped="0">
  <testcase classname="test.TESTNG" name="Demo4" time="0.020"/>
  <system-out/>
  <testcase classname="test.TESTNG" name="Demo11" time="0.006"/>
  <system-out/>
</testsuite> <!-- test.TESTNG -->
