<?xml version="1.0" encoding="UTF-8"?>
<!-- Generated by org.testng.reporters.JUnitReportReporter -->
<testsuite hostname="DESKTOP-N2HSR8L" failures="0" tests="4" name="test.TESTNG2" time="0.069" errors="0" timestamp="2022-09-08T23:45:06 IST" skipped="1">
  <testcase classname="test.TESTNG2" name="Demo7" time="0.003"/>
  <system-out/>
  <testcase classname="test.TESTNG2" name="Demo9" time="0.005"/>
  <system-out/>
  <testcase classname="test.TESTNG2" name="Demo8" time="0.061"/>
  <system-out/>
  <testcase classname="test.TESTNG2" name="Demo6">
    <skipped/>
  </testcase> <!-- Demo6 -->
  <system-out/>
</testsuite> <!-- test.TESTNG2 -->
